<?xml version="1.0" encoding="UTF-8"?>
<!-- Generated by org.testng.reporters.JUnitReportReporter -->
<testsuite hostname="kalpesh16" failures="0" tests="4" name="Testng.DataProvider.ExcelDP" time="15.803" errors="0" timestamp="28 Sep 2021 18:03:46 GMT" skipped="0">
  <testcase classname="Testng.DataProvider.ExcelDP" name="search" time="3.645"/>
  <testcase classname="Testng.DataProvider.ExcelDP" name="search" time="3.412"/>
  <testcase classname="Testng.DataProvider.ExcelDP" name="search" time="4.728"/>
  <testcase classname="Testng.DataProvider.ExcelDP" name="search" time="4.018"/>
</testsuite> <!-- Testng.DataProvider.ExcelDP -->
