<?xml version="1.0" encoding="UTF-8"?>
<!-- Generated by org.testng.reporters.JUnitReportReporter -->
<testsuite hostname="kalpesh16" failures="0" tests="8" name="Testng.DataProvider.DataProviderByGroups" time="23.215" errors="0" timestamp="28 Sep 2021 04:06:54 GMT" skipped="0">
  <testcase classname="Testng.DataProvider.DataProviderByGroups" name="launchBrowser" time="2.839"/>
  <testcase classname="Testng.DataProvider.DataProviderByGroups" name="launchBrowser" time="3.808"/>
  <testcase classname="Testng.DataProvider.DataProviderByGroups" name="firstName_lastName" time="2.796"/>
  <testcase classname="Testng.DataProvider.DataProviderByGroups" name="firstName_lastName" time="3.158"/>
  <testcase classname="Testng.DataProvider.DataProviderByGroups" name="firstName_lastName" time="2.521"/>
  <testcase classname="Testng.DataProvider.DataProviderByGroups" name="mobNo_password" time="2.433"/>
  <testcase classname="Testng.DataProvider.DataProviderByGroups" name="mobNo_password" time="2.975"/>
  <testcase classname="Testng.DataProvider.DataProviderByGroups" name="mobNo_password" time="2.685"/>
</testsuite> <!-- Testng.DataProvider.DataProviderByGroups -->
