<?xml version="1.0" encoding="UTF-8"?>
<!-- Generated by org.testng.reporters.JUnitReportReporter -->
<testsuite hostname="kalpesh16" failures="0" tests="6" name="Testng.DataProvider.ParametersDataProvider" time="18.931" errors="0" timestamp="27 Sep 2021 18:08:51 GMT" skipped="0">
  <testcase classname="Testng.DataProvider.ParametersDataProvider" name="launchBrowser" time="3.083"/>
  <testcase classname="Testng.DataProvider.ParametersDataProvider" name="launchBrowser" time="3.832"/>
  <testcase classname="Testng.DataProvider.ParametersDataProvider" name="firstName_lastName" time="3.511"/>
  <testcase classname="Testng.DataProvider.ParametersDataProvider" name="firstName_lastName" time="3.542"/>
  <testcase classname="Testng.DataProvider.ParametersDataProvider" name="mobNo_password" time="2.492"/>
  <testcase classname="Testng.DataProvider.ParametersDataProvider" name="mobNo_password" time="2.471"/>
</testsuite> <!-- Testng.DataProvider.ParametersDataProvider -->
