<?xml version="1.0" encoding="UTF-8"?>
<!-- Generated by org.testng.reporters.JUnitReportReporter -->
<testsuite hostname="kalpesh16" failures="0" tests="7" name="Testng.DataProvider.MethodDataProvider" time="18.550" errors="0" timestamp="27 Sep 2021 13:56:24 GMT" skipped="0">
  <testcase classname="Testng.DataProvider.MethodDataProvider" name="launchBrowser" time="3.363"/>
  <testcase classname="Testng.DataProvider.MethodDataProvider" name="firstName_lastName" time="2.469"/>
  <testcase classname="Testng.DataProvider.MethodDataProvider" name="firstName_lastName" time="2.379"/>
  <testcase classname="Testng.DataProvider.MethodDataProvider" name="firstName_lastName" time="3.166"/>
  <testcase classname="Testng.DataProvider.MethodDataProvider" name="mobNo_password" time="2.434"/>
  <testcase classname="Testng.DataProvider.MethodDataProvider" name="mobNo_password" time="2.422"/>
  <testcase classname="Testng.DataProvider.MethodDataProvider" name="mobNo_password" time="2.317"/>
</testsuite> <!-- Testng.DataProvider.MethodDataProvider -->
