<?xml version="1.0" encoding="UTF-8"?>
<!-- Generated by org.testng.reporters.JUnitReportReporter -->
<testsuite hostname="kalpesh16" failures="0" tests="4" name="Testng.DataProvider.DataProvidedToClass" time="13.188" errors="0" timestamp="27 Sep 2021 14:03:57 GMT" skipped="0">
  <testcase classname="Testng.DataProvider.DataProvidedToClass" name="launchBrowser" time="2.936"/>
  <testcase classname="Testng.DataProvider.DataProvidedToClass" name="firstName_lastName" time="3.360"/>
  <testcase classname="Testng.DataProvider.DataProvidedToClass" name="firstName_lastName" time="3.391"/>
  <testcase classname="Testng.DataProvider.DataProvidedToClass" name="firstName_lastName" time="3.501"/>
</testsuite> <!-- Testng.DataProvider.DataProvidedToClass -->
