<?xml version="1.0" encoding="UTF-8"?>
<!-- Generated by org.testng.reporters.JUnitReportReporter -->
<testsuite hostname="kalpesh16" failures="0" tests="4" name="Testng.DataProvider.DemoDataProvider" time="10.709" errors="0" timestamp="27 Sep 2021 13:48:17 GMT" skipped="0">
  <testcase classname="Testng.DataProvider.DemoDataProvider" name="launchBrowser" time="2.971"/>
  <testcase classname="Testng.DataProvider.DemoDataProvider" name="firstName_lastName" time="2.357"/>
  <testcase classname="Testng.DataProvider.DemoDataProvider" name="firstName_lastName" time="2.958"/>
  <testcase classname="Testng.DataProvider.DemoDataProvider" name="firstName_lastName" time="2.423"/>
</testsuite> <!-- Testng.DataProvider.DemoDataProvider -->
