<?xml version="1.0" encoding="UTF-8"?>
<!-- Generated by org.testng.reporters.JUnitReportReporter -->
<testsuite hostname="kalpesh16" failures="0" tests="5" name="Testng.DataProvider.DataProviderByExcel" time="11.324" errors="0" timestamp="28 Sep 2021 18:35:07 GMT" skipped="0">
  <testcase classname="Testng.DataProvider.DataProviderByExcel" name="launchBrowser" time="2.397"/>
  <testcase classname="Testng.DataProvider.DataProviderByExcel" name="firstName_lastName" time="2.273"/>
  <testcase classname="Testng.DataProvider.DataProviderByExcel" name="firstName_lastName" time="2.213"/>
  <testcase classname="Testng.DataProvider.DataProviderByExcel" name="firstName_lastName" time="2.207"/>
  <testcase classname="Testng.DataProvider.DataProviderByExcel" name="firstName_lastName" time="2.234"/>
</testsuite> <!-- Testng.DataProvider.DataProviderByExcel -->
